Using pre-set license
Built from '2020.3/staging' branch; Version is '2020.3.16f1 (049d6eca3c44) revision 302446'; Using compiler version '192528614'; Build Type 'Release'
OS: 'Windows 10 Home; OS build 19043.1466; Version 2009; 64bit' Language: 'en' Physical Memory: 16088 MB
BatchMode: 1, IsHumanControllingUs: 0, StartBugReporterOnCrash: 0, Is64bit: 1, IsPro: 0

 COMMAND LINE ARGUMENTS:
F:\Unity\Editor\Unity.exe
-adb2
-batchMode
-noUpm
-name
AssetImportWorker0
-projectPath
C:/Users/joshu/Documents/QU/GDD/301/GDD301_Project4 Revised
-logFile
Logs/AssetImportWorker0.log
-srvPort
62913
Successfully changed project path to: C:/Users/joshu/Documents/QU/GDD/301/GDD301_Project4 Revised
C:/Users/joshu/Documents/QU/GDD/301/GDD301_Project4 Revised
Using Asset Import Pipeline V2.
Refreshing native plugins compatible for Editor in 33.61 ms, found 2 plugins.
Preloading 0 native plugins for Editor in 0.00 ms.
Initialize engine version: 2020.3.16f1 (049d6eca3c44)
[Subsystems] Discovering subsystems at path F:/Unity/Editor/Data/Resources/UnitySubsystems
[Subsystems] Discovering subsystems at path C:/Users/joshu/Documents/QU/GDD/301/GDD301_Project4 Revised/Assets
GfxDevice: creating device client; threaded=0
Direct3D:
    Version:  Direct3D 11.0 [level 11.1]
    Renderer: NVIDIA GeForce GTX 1650 (ID=0x1f91)
    Vendor:   
    VRAM:     3964 MB
    Driver:   27.21.14.6231
Initialize mono
Mono path[0] = 'F:/Unity/Editor/Data/Managed'
Mono path[1] = 'F:/Unity/Editor/Data/MonoBleedingEdge/lib/mono/unityjit'
Mono config path = 'F:/Unity/Editor/Data/MonoBleedingEdge/etc'
Using monoOptions --debugger-agent=transport=dt_socket,embedding=1,server=y,suspend=n,address=127.0.0.1:56436
Begin MonoManager ReloadAssembly
Registering precompiled unity dll's ...
Register platform support module: F:/Unity/Editor/Data/PlaybackEngines/WebGLSupport/UnityEditor.WebGL.Extensions.dll
Register platform support module: F:/Unity/Editor/Data/PlaybackEngines/MacStandaloneSupport/UnityEditor.OSXStandalone.Extensions.dll
Register platform support module: F:/Unity/Editor/Data/PlaybackEngines/WindowsStandaloneSupport/UnityEditor.WindowsStandalone.Extensions.dll
Register platform support module: F:/Unity/Editor/Data/PlaybackEngines/LinuxStandaloneSupport/UnityEditor.LinuxStandalone.Extensions.dll
Registered in 0.001904 seconds.
Native extension for LinuxStandalone target not found
Native extension for WindowsStandalone target not found
Native extension for OSXStandalone target not found
Native extension for WebGL target not found
Refreshing native plugins compatible for Editor in 50.92 ms, found 2 plugins.
Preloading 0 native plugins for Editor in 0.00 ms.
Mono: successfully reloaded assembly
- Completed reload, in  0.909 seconds
Domain Reload Profiling:
	ReloadAssembly (909ms)
		BeginReloadAssembly (46ms)
			ExecutionOrderSort (0ms)
			DisableScriptedObjects (0ms)
			BackupInstance (0ms)
			ReleaseScriptingObjects (0ms)
			CreateAndSetChildDomain (1ms)
		EndReloadAssembly (417ms)
			LoadAssemblies (45ms)
			RebuildTransferFunctionScriptingTraits (0ms)
			SetupTypeCache (142ms)
			ReleaseScriptCaches (0ms)
			RebuildScriptCaches (30ms)
			SetupLoadedEditorAssemblies (175ms)
				LogAssemblyErrors (0ms)
				InitializePlatformSupportModulesInManaged (5ms)
				SetLoadedEditorAssemblies (0ms)
				RefreshPlugins (51ms)
				BeforeProcessingInitializeOnLoad (14ms)
				ProcessInitializeOnLoadAttributes (76ms)
				ProcessInitializeOnLoadMethodAttributes (27ms)
				AfterProcessingInitializeOnLoad (0ms)
				EditorAssembliesLoaded (0ms)
			ExecutionOrderSort2 (0ms)
			AwakeInstancesAfterBackupRestoration (0ms)
Platform modules already initialized, skipping
Registering precompiled user dll's ...
Registered in 0.004494 seconds.
Begin MonoManager ReloadAssembly
Native extension for LinuxStandalone target not found
Native extension for WindowsStandalone target not found
Native extension for OSXStandalone target not found
Native extension for WebGL target not found
Refreshing native plugins compatible for Editor in 0.39 ms, found 2 plugins.
Preloading 0 native plugins for Editor in 0.00 ms.
Mono: successfully reloaded assembly
- Completed reload, in  1.107 seconds
Domain Reload Profiling:
	ReloadAssembly (1108ms)
		BeginReloadAssembly (134ms)
			ExecutionOrderSort (0ms)
			DisableScriptedObjects (4ms)
			BackupInstance (0ms)
			ReleaseScriptingObjects (0ms)
			CreateAndSetChildDomain (17ms)
		EndReloadAssembly (917ms)
			LoadAssemblies (78ms)
			RebuildTransferFunctionScriptingTraits (0ms)
			SetupTypeCache (285ms)
			ReleaseScriptCaches (0ms)
			RebuildScriptCaches (46ms)
			SetupLoadedEditorAssemblies (413ms)
				LogAssemblyErrors (0ms)
				InitializePlatformSupportModulesInManaged (8ms)
				SetLoadedEditorAssemblies (1ms)
				RefreshPlugins (1ms)
				BeforeProcessingInitializeOnLoad (86ms)
				ProcessInitializeOnLoadAttributes (306ms)
				ProcessInitializeOnLoadMethodAttributes (9ms)
				AfterProcessingInitializeOnLoad (2ms)
				EditorAssembliesLoaded (0ms)
			ExecutionOrderSort2 (0ms)
			AwakeInstancesAfterBackupRestoration (6ms)
Platform modules already initialized, skipping
========================================================================
Worker process is ready to serve import requests
Launched and connected shader compiler UnityShaderCompiler.exe after 0.07 seconds
Refreshing native plugins compatible for Editor in 0.33 ms, found 2 plugins.
Preloading 0 native plugins for Editor in 0.00 ms.
Unloading 1626 Unused Serialized files (Serialized files now loaded: 0)
System memory in use before: 74.7 MB.
System memory in use after: 74.8 MB.

Unloading 23 unused Assets to reduce memory usage. Loaded Objects now: 2061.
Total: 2.633500 ms (FindLiveObjects: 0.179200 ms CreateObjectMapping: 0.048500 ms MarkObjects: 2.342700 ms  DeleteObjects: 0.062000 ms)

AssetImportParameters requested are different than current active one (requested -> active):
  custom:framework-win-MediaFoundation: 216162199b28c13a410421893ffa2e32 -> 
  custom:video-decoder-ogg-theora: a1e56fd34408186e4bbccfd4996cb3dc -> 
  custom:container-muxer-webm: aa71ff27fc2769a1b78a27578f13a17b -> 
  custom:container-demuxer-webm: 4f35f7cbe854078d1ac9338744f61a02 -> 
  custom:container-demuxer-ogg: 62fdf1f143b41e24485cea50d1cbac27 -> 
  custom:video-encoder-webm-vp8: eb34c28f22e8b96e1ab97ce403110664 -> 
  custom:video-codec-MediaFoundation-h265: 746d11721c4dcdbdad8f713fa42b33f4 -> 
  custom:video-decoder-webm-vp8: 9c59270c3fd7afecdb556c50c9e8de78 -> 
  custom:audio-decoder-ogg-vorbis: bf7c407c2cedff20999df2af8eb42d56 -> 
  custom:audio-encoder-webm-vorbis: bf7c407c2cedff20999df2af8eb42d56 -> 
========================================================================
Received Import Request.
  path: Assets/WhiteCube.png
  artifactKey: Guid(dc7751b790397c64e8c6b39d16520ed1) Importer(815301076,1909f56bfc062723c751e8b465ee728b)
Start importing Assets/WhiteCube.png using Guid(dc7751b790397c64e8c6b39d16520ed1) Importer(815301076,1909f56bfc062723c751e8b465ee728b)  -> (artifact id: '19d71a685584af893945858f986307a3') in 0.136995 seconds 
  Import took 0.139744 seconds .

========================================================================
Received Import Request.
  Time since last request: 0.000424 seconds.
  path: Assets/Godzilla_Walking-Marc-806484099.mp3
  artifactKey: Guid(6009c7ce05e35c144ac5974d2d6edf62) Importer(815301076,1909f56bfc062723c751e8b465ee728b)
Start importing Assets/Godzilla_Walking-Marc-806484099.mp3 using Guid(6009c7ce05e35c144ac5974d2d6edf62) Importer(815301076,1909f56bfc062723c751e8b465ee728b)  -> (artifact id: '6c4731ca8861a0a794f1b058c4844369') in 0.050339 seconds 
  Import took 0.053323 seconds .

========================================================================
Received Import Request.
  Time since last request: 0.000251 seconds.
  path: Assets/Heavy Sigh-SoundBible.com-1781538488.mp3
  artifactKey: Guid(e37b9677391ec4d48a587f94f88a3b5f) Importer(815301076,1909f56bfc062723c751e8b465ee728b)
Start importing Assets/Heavy Sigh-SoundBible.com-1781538488.mp3 using Guid(e37b9677391ec4d48a587f94f88a3b5f) Importer(815301076,1909f56bfc062723c751e8b465ee728b)  -> (artifact id: 'b751b2f0a867751aa1ef78d455381cc6') in 0.015524 seconds 
  Import took 0.018612 seconds .

========================================================================
Received Import Request.
  Time since last request: 0.000345 seconds.
  path: Assets/Bounce-SoundBible.com-12678623.mp3
  artifactKey: Guid(632f1c81d0e4689438c3e07172b699db) Importer(815301076,1909f56bfc062723c751e8b465ee728b)
Start importing Assets/Bounce-SoundBible.com-12678623.mp3 using Guid(632f1c81d0e4689438c3e07172b699db) Importer(815301076,1909f56bfc062723c751e8b465ee728b)  -> (artifact id: '12097746c321e98b436f889c636c6c42') in 0.017878 seconds 
  Import took 0.021097 seconds .

========================================================================
Received Import Request.
  Time since last request: 0.000245 seconds.
  path: Assets/OverWorldAudio.mp3
  artifactKey: Guid(38f977e3d5243d7459fd6df59fbc5474) Importer(815301076,1909f56bfc062723c751e8b465ee728b)
Start importing Assets/OverWorldAudio.mp3 using Guid(38f977e3d5243d7459fd6df59fbc5474) Importer(815301076,1909f56bfc062723c751e8b465ee728b)  -> (artifact id: '0c9a7a799d6fe2e51ace5c9ceb3bf8d1') in 0.013013 seconds 
  Import took 0.017363 seconds .

========================================================================
Received Import Request.
  Time since last request: 0.000233 seconds.
  path: Assets/BaseCube.png
  artifactKey: Guid(f936bfc69ef48e34fbbfc411acdb7e77) Importer(815301076,1909f56bfc062723c751e8b465ee728b)
Start importing Assets/BaseCube.png using Guid(f936bfc69ef48e34fbbfc411acdb7e77) Importer(815301076,1909f56bfc062723c751e8b465ee728b)  -> (artifact id: '58e5c23de1133986e246fdf03005e6e8') in 0.010418 seconds 
  Import took 0.012569 seconds .

========================================================================
Received Import Request.
  Time since last request: 0.000192 seconds.
  path: Assets/BlackCube.png
  artifactKey: Guid(3cb3941b1bbac044184ead461cdef328) Importer(815301076,1909f56bfc062723c751e8b465ee728b)
Start importing Assets/BlackCube.png using Guid(3cb3941b1bbac044184ead461cdef328) Importer(815301076,1909f56bfc062723c751e8b465ee728b)  -> (artifact id: '6102ba0252d8981b6ae398fba6c1b162') in 0.011764 seconds 
  Import took 0.014964 seconds .

========================================================================
Received Import Request.
  Time since last request: 0.000305 seconds.
  path: Assets/WhiteCube.asset
  artifactKey: Guid(179a477588bb59a4395feaf7f7864bdc) Importer(815301076,1909f56bfc062723c751e8b465ee728b)
Start importing Assets/WhiteCube.asset using Guid(179a477588bb59a4395feaf7f7864bdc) Importer(815301076,1909f56bfc062723c751e8b465ee728b)  -> (artifact id: '280aebe93138a2ee7714a24efba5083a') in 0.068057 seconds 
  Import took 0.071546 seconds .

========================================================================
Received Import Request.
  Time since last request: 0.000472 seconds.
  path: Assets/BlackCube.asset
  artifactKey: Guid(e91181da4dfce5d4284deaefebc7e1a7) Importer(815301076,1909f56bfc062723c751e8b465ee728b)
Start importing Assets/BlackCube.asset using Guid(e91181da4dfce5d4284deaefebc7e1a7) Importer(815301076,1909f56bfc062723c751e8b465ee728b)  -> (artifact id: 'bd17ed61b94182daf5c1089e0e5a0cc9') in 0.010920 seconds 
  Import took 0.013672 seconds .

========================================================================
Received Import Request.
  Time since last request: 0.000201 seconds.
  path: Assets/Dark Tension Rising Music _ (Download and Royalty FREE).mp3
  artifactKey: Guid(e86f7b289a547c84a873a094e4de7dbe) Importer(815301076,1909f56bfc062723c751e8b465ee728b)
Start importing Assets/Dark Tension Rising Music _ (Download and Royalty FREE).mp3 using Guid(e86f7b289a547c84a873a094e4de7dbe) Importer(815301076,1909f56bfc062723c751e8b465ee728b)  -> (artifact id: 'dd27e1b5adb64062b9faa225df2530e2') in 0.021603 seconds 
  Import took 0.025258 seconds .

========================================================================
Received Import Request.
  Time since last request: 0.000299 seconds.
  path: Assets/download.png
  artifactKey: Guid(f248c5aa0f0b53240aee8bc5d82b8e14) Importer(815301076,1909f56bfc062723c751e8b465ee728b)
Start importing Assets/download.png using Guid(f248c5aa0f0b53240aee8bc5d82b8e14) Importer(815301076,1909f56bfc062723c751e8b465ee728b)  -> (artifact id: '632d9828aa502cd0100a95afc9a7603f') in 0.020449 seconds 
  Import took 0.024193 seconds .

========================================================================
Received Import Request.
  Time since last request: 0.000314 seconds.
  path: Assets/Walking On Gravel-SoundBible.com-2023303198.mp3
  artifactKey: Guid(ac4eab8239f1ca44ea6d238b6bcfe361) Importer(815301076,1909f56bfc062723c751e8b465ee728b)
Start importing Assets/Walking On Gravel-SoundBible.com-2023303198.mp3 using Guid(ac4eab8239f1ca44ea6d238b6bcfe361) Importer(815301076,1909f56bfc062723c751e8b465ee728b)  -> (artifact id: '85be3c36cb00a197dc0b768490febc18') in 0.021742 seconds 
  Import took 0.024205 seconds .

========================================================================
Received Import Request.
  Time since last request: 8.325162 seconds.
  path: Assets/Scenes
  artifactKey: Guid(a4b732621af51e74b94aace9db50666f) Importer(815301076,1909f56bfc062723c751e8b465ee728b)
Start importing Assets/Scenes using Guid(a4b732621af51e74b94aace9db50666f) Importer(815301076,1909f56bfc062723c751e8b465ee728b)  -> (artifact id: '43af37781a366dc7e13000959aab5d9f') in 0.005649 seconds 
  Import took 0.007983 seconds .

========================================================================
Received Import Request.
  Time since last request: 0.046869 seconds.
  path: Assets/Scenes
  artifactKey: Guid(a4b732621af51e74b94aace9db50666f) Importer(815301076,1909f56bfc062723c751e8b465ee728b)
Start importing Assets/Scenes using Guid(a4b732621af51e74b94aace9db50666f) Importer(815301076,1909f56bfc062723c751e8b465ee728b)  -> (artifact id: '43af37781a366dc7e13000959aab5d9f') in 0.002194 seconds 
  Import took 0.004373 seconds .

========================================================================
Received Import Request.
  Time since last request: 4.093369 seconds.
  path: Assets/Scenes/Run_1.unity
  artifactKey: Guid(52e37da264e918e448bad596a9f1a6ab) Importer(815301076,1909f56bfc062723c751e8b465ee728b)
Start importing Assets/Scenes/Run_1.unity using Guid(52e37da264e918e448bad596a9f1a6ab) Importer(815301076,1909f56bfc062723c751e8b465ee728b)  -> (artifact id: '6ba724141a384fe4800faceb0d190934') in 0.010705 seconds 
  Import took 0.014209 seconds .

========================================================================
Received Import Request.
  Time since last request: 0.001721 seconds.
  path: Assets/Scenes/Run_1.unity
  artifactKey: Guid(52e37da264e918e448bad596a9f1a6ab) Importer(815301076,1909f56bfc062723c751e8b465ee728b)
Start importing Assets/Scenes/Run_1.unity using Guid(52e37da264e918e448bad596a9f1a6ab) Importer(815301076,1909f56bfc062723c751e8b465ee728b)  -> (artifact id: '6ba724141a384fe4800faceb0d190934') in 0.003400 seconds 
  Import took 0.008084 seconds .

========================================================================
Received Import Request.
  Time since last request: 1.431454 seconds.
  path: Assets/Scenes/SampleScene.unity
  artifactKey: Guid(2cda990e2423bbf4892e6590ba056729) Importer(815301076,1909f56bfc062723c751e8b465ee728b)
Start importing Assets/Scenes/SampleScene.unity using Guid(2cda990e2423bbf4892e6590ba056729) Importer(815301076,1909f56bfc062723c751e8b465ee728b)  -> (artifact id: '34260fadefd1c1da751ec02c208285a1') in 0.008402 seconds 
  Import took 0.011269 seconds .

========================================================================
Received Import Request.
  Time since last request: 0.811829 seconds.
  path: Assets/Scenes/Scene_1.unity
  artifactKey: Guid(8a7ebabf470bc7d45a04829326bc747b) Importer(815301076,1909f56bfc062723c751e8b465ee728b)
Start importing Assets/Scenes/Scene_1.unity using Guid(8a7ebabf470bc7d45a04829326bc747b) Importer(815301076,1909f56bfc062723c751e8b465ee728b)  -> (artifact id: '6880821bab3fb8b83e019cbf295b3fb3') in 0.008183 seconds 
  Import took 0.011097 seconds .

========================================================================
Received Import Request.
  Time since last request: 1.308025 seconds.
  path: Assets/Scenes/Scene_2.unity
  artifactKey: Guid(4d6b09a14b270534288409504674045a) Importer(815301076,1909f56bfc062723c751e8b465ee728b)
Start importing Assets/Scenes/Scene_2.unity using Guid(4d6b09a14b270534288409504674045a) Importer(815301076,1909f56bfc062723c751e8b465ee728b)  -> (artifact id: '74f46af6b2feb44e77e50bdf486610ef') in 0.008518 seconds 
  Import took 0.011144 seconds .

========================================================================
Received Import Request.
  Time since last request: 1.088559 seconds.
  path: Assets/Scenes/Scene_3.unity
  artifactKey: Guid(eacf800f5ef2fc746ab7f6912dde73c3) Importer(815301076,1909f56bfc062723c751e8b465ee728b)
Start importing Assets/Scenes/Scene_3.unity using Guid(eacf800f5ef2fc746ab7f6912dde73c3) Importer(815301076,1909f56bfc062723c751e8b465ee728b)  -> (artifact id: 'b089462bee57d5b4ae4c6bbcab283bba') in 0.008645 seconds 
  Import took 0.012908 seconds .

========================================================================
Received Import Request.
  Time since last request: 1.448040 seconds.
  path: Assets/Scenes/Scene_4.unity
  artifactKey: Guid(76ac7a22bd63f5042b5ae63174be5dd9) Importer(815301076,1909f56bfc062723c751e8b465ee728b)
Start importing Assets/Scenes/Scene_4.unity using Guid(76ac7a22bd63f5042b5ae63174be5dd9) Importer(815301076,1909f56bfc062723c751e8b465ee728b)  -> (artifact id: 'b85cd7115ec8e454cbc3d921a231df42') in 0.009357 seconds 
  Import took 0.012049 seconds .

========================================================================
Received Import Request.
  Time since last request: 1.123609 seconds.
  path: Assets/Scenes/Scene_5.unity
  artifactKey: Guid(4163f63ae2cbe2743932fb70bfbc27d2) Importer(815301076,1909f56bfc062723c751e8b465ee728b)
Start importing Assets/Scenes/Scene_5.unity using Guid(4163f63ae2cbe2743932fb70bfbc27d2) Importer(815301076,1909f56bfc062723c751e8b465ee728b)  -> (artifact id: '71ab7b16ec7a83f3ce557f3e21310268') in 0.006837 seconds 
  Import took 0.009473 seconds .

========================================================================
Received Import Request.
  Time since last request: 1.366238 seconds.
  path: Assets/Scenes/Scene_End.unity
  artifactKey: Guid(bd8ea29d74dcfd141bc5e6fdb6605531) Importer(815301076,1909f56bfc062723c751e8b465ee728b)
Start importing Assets/Scenes/Scene_End.unity using Guid(bd8ea29d74dcfd141bc5e6fdb6605531) Importer(815301076,1909f56bfc062723c751e8b465ee728b)  -> (artifact id: '1e5c7c10feab391abdf888a148ea63b3') in 0.008354 seconds 
  Import took 0.011035 seconds .

========================================================================
Received Prepare
Registering precompiled user dll's ...
Registered in 0.004854 seconds.
Begin MonoManager ReloadAssembly
Native extension for LinuxStandalone target not found
Native extension for WindowsStandalone target not found
Native extension for OSXStandalone target not found
Native extension for WebGL target not found
Refreshing native plugins compatible for Editor in 0.29 ms, found 2 plugins.
Preloading 0 native plugins for Editor in 0.00 ms.
Mono: successfully reloaded assembly
- Completed reload, in  0.867 seconds
Domain Reload Profiling:
	ReloadAssembly (868ms)
		BeginReloadAssembly (96ms)
			ExecutionOrderSort (0ms)
			DisableScriptedObjects (5ms)
			BackupInstance (0ms)
			ReleaseScriptingObjects (0ms)
			CreateAndSetChildDomain (30ms)
		EndReloadAssembly (721ms)
			LoadAssemblies (72ms)
			RebuildTransferFunctionScriptingTraits (0ms)
			SetupTypeCache (228ms)
			ReleaseScriptCaches (1ms)
			RebuildScriptCaches (35ms)
			SetupLoadedEditorAssemblies (300ms)
				LogAssemblyErrors (0ms)
				InitializePlatformSupportModulesInManaged (6ms)
				SetLoadedEditorAssemblies (0ms)
				RefreshPlugins (0ms)
				BeforeProcessingInitializeOnLoad (58ms)
				ProcessInitializeOnLoadAttributes (229ms)
				ProcessInitializeOnLoadMethodAttributes (5ms)
				AfterProcessingInitializeOnLoad (2ms)
				EditorAssembliesLoaded (0ms)
			ExecutionOrderSort2 (0ms)
			AwakeInstancesAfterBackupRestoration (5ms)
Platform modules already initialized, skipping
Refreshing native plugins compatible for Editor in 0.34 ms, found 2 plugins.
Preloading 0 native plugins for Editor in 0.00 ms.
Unloading 1607 Unused Serialized files (Serialized files now loaded: 0)
System memory in use before: 76.5 MB.
System memory in use after: 76.6 MB.

Unloading 14 unused Assets to reduce memory usage. Loaded Objects now: 2081.
Total: 2.531400 ms (FindLiveObjects: 0.125500 ms CreateObjectMapping: 0.042500 ms MarkObjects: 2.349000 ms  DeleteObjects: 0.013800 ms)

AssetImportParameters requested are different than current active one (requested -> active):
  custom:framework-win-MediaFoundation: 216162199b28c13a410421893ffa2e32 -> 
  custom:video-decoder-ogg-theora: a1e56fd34408186e4bbccfd4996cb3dc -> 
  custom:container-muxer-webm: aa71ff27fc2769a1b78a27578f13a17b -> 
  custom:container-demuxer-webm: 4f35f7cbe854078d1ac9338744f61a02 -> 
  custom:container-demuxer-ogg: 62fdf1f143b41e24485cea50d1cbac27 -> 
  custom:video-encoder-webm-vp8: eb34c28f22e8b96e1ab97ce403110664 -> 
  custom:video-codec-MediaFoundation-h265: 746d11721c4dcdbdad8f713fa42b33f4 -> 
  custom:video-decoder-webm-vp8: 9c59270c3fd7afecdb556c50c9e8de78 -> 
  custom:audio-decoder-ogg-vorbis: bf7c407c2cedff20999df2af8eb42d56 -> 
  custom:audio-encoder-webm-vorbis: bf7c407c2cedff20999df2af8eb42d56 -> 
AssetImportWorkerClient::OnTransportError - code=2 error=End of file
